Error: ENOENT: no such file or directory, open './secrets/variables.env'
    at Object.openSync (fs.js:443:3)
    at Object.readFileSync (fs.js:343:35)
    at updateEnv (/mnt/c/Users/Matheus/node/dotenv.js:12:37)
    at Object.<anonymous> (/mnt/c/Users/Matheus/node/dotenv.js:19:1)
    at Module._compile (internal/modules/cjs/loader.js:778:30)
    at Object.Module._extensions..js (internal/modules/cjs/loader.js:789:10)
    at Module.load (internal/modules/cjs/loader.js:653:32)
    at tryModuleLoad (internal/modules/cjs/loader.js:593:12)
    at Function.Module._load (internal/modules/cjs/loader.js:585:3)
    at Module.require (internal/modules/cjs/loader.js:692:17)
Error: ENOENT: no such file or directory, open './secrets/variables.env'
    at Object.openSync (fs.js:443:3)
    at Object.readFileSync (fs.js:343:35)
    at updateEnv (/mnt/c/Users/Matheus/node/dotenv.js:12:37)
    at Object.<anonymous> (/mnt/c/Users/Matheus/node/dotenv.js:19:1)
    at Module._compile (internal/modules/cjs/loader.js:778:30)
    at Object.Module._extensions..js (internal/modules/cjs/loader.js:789:10)
    at Module.load (internal/modules/cjs/loader.js:653:32)
    at tryModuleLoad (internal/modules/cjs/loader.js:593:12)
    at Function.Module._load (internal/modules/cjs/loader.js:585:3)
    at Module.require (internal/modules/cjs/loader.js:692:17)
Error: ENOENT: no such file or directory, open './secrets/variables.env'
    at Object.openSync (fs.js:443:3)
    at Object.readFileSync (fs.js:343:35)
    at updateEnv (/mnt/c/Users/Matheus/node/dotenv.js:12:37)
    at Object.<anonymous> (/mnt/c/Users/Matheus/node/dotenv.js:19:1)
    at Module._compile (internal/modules/cjs/loader.js:778:30)
    at Object.Module._extensions..js (internal/modules/cjs/loader.js:789:10)
    at Module.load (internal/modules/cjs/loader.js:653:32)
    at tryModuleLoad (internal/modules/cjs/loader.js:593:12)
    at Function.Module._load (internal/modules/cjs/loader.js:585:3)
    at Module.require (internal/modules/cjs/loader.js:692:17)
Error: ENOENT: no such file or directory, open './secrets/variables.env'
    at Object.openSync (fs.js:443:3)
    at Object.readFileSync (fs.js:343:35)
    at updateEnv (/mnt/c/Users/Matheus/node/dotenv.js:12:37)
    at Object.<anonymous> (/mnt/c/Users/Matheus/node/dotenv.js:19:1)
    at Module._compile (internal/modules/cjs/loader.js:778:30)
    at Object.Module._extensions..js (internal/modules/cjs/loader.js:789:10)
    at Module.load (internal/modules/cjs/loader.js:653:32)
    at tryModuleLoad (internal/modules/cjs/loader.js:593:12)
    at Function.Module._load (internal/modules/cjs/loader.js:585:3)
    at Module.require (internal/modules/cjs/loader.js:692:17)
Error: ENOENT: no such file or directory, open './secrets/variables.env'
    at Object.openSync (fs.js:443:3)
    at Object.readFileSync (fs.js:343:35)
    at updateEnv (/mnt/c/Users/Matheus/node/dotenv.js:12:37)
    at Object.<anonymous> (/mnt/c/Users/Matheus/node/dotenv.js:19:1)
    at Module._compile (internal/modules/cjs/loader.js:778:30)
    at Object.Module._extensions..js (internal/modules/cjs/loader.js:789:10)
    at Module.load (internal/modules/cjs/loader.js:653:32)
    at tryModuleLoad (internal/modules/cjs/loader.js:593:12)
    at Function.Module._load (internal/modules/cjs/loader.js:585:3)
    at Module.require (internal/modules/cjs/loader.js:692:17)
Error: ENOENT: no such file or directory, open './secrets/variables.env'
    at Object.openSync (fs.js:443:3)
    at Object.readFileSync (fs.js:343:35)
    at updateEnv (/mnt/c/Users/Matheus/node/dotenv.js:12:37)
    at Object.<anonymous> (/mnt/c/Users/Matheus/node/dotenv.js:19:1)
    at Module._compile (internal/modules/cjs/loader.js:778:30)
    at Object.Module._extensions..js (internal/modules/cjs/loader.js:789:10)
    at Module.load (internal/modules/cjs/loader.js:653:32)
    at tryModuleLoad (internal/modules/cjs/loader.js:593:12)
    at Function.Module._load (internal/modules/cjs/loader.js:585:3)
    at Module.require (internal/modules/cjs/loader.js:692:17)
Error: ENOENT: no such file or directory, open './secrets/variables.env'
    at Object.openSync (fs.js:443:3)
    at Object.readFileSync (fs.js:343:35)
    at updateEnv (/mnt/c/Users/Matheus/node/dotenv.js:12:37)
    at Object.<anonymous> (/mnt/c/Users/Matheus/node/dotenv.js:19:1)
    at Module._compile (internal/modules/cjs/loader.js:778:30)
    at Object.Module._extensions..js (internal/modules/cjs/loader.js:789:10)
    at Module.load (internal/modules/cjs/loader.js:653:32)
    at tryModuleLoad (internal/modules/cjs/loader.js:593:12)
    at Function.Module._load (internal/modules/cjs/loader.js:585:3)
    at Module.require (internal/modules/cjs/loader.js:692:17)
Error: ENOENT: no such file or directory, open './secrets/variables.env'
    at Object.openSync (fs.js:443:3)
    at Object.readFileSync (fs.js:343:35)
    at updateEnv (/mnt/c/Users/Matheus/node/dotenv.js:12:37)
    at Object.<anonymous> (/mnt/c/Users/Matheus/node/dotenv.js:19:1)
    at Module._compile (internal/modules/cjs/loader.js:778:30)
    at Object.Module._extensions..js (internal/modules/cjs/loader.js:789:10)
    at Module.load (internal/modules/cjs/loader.js:653:32)
    at tryModuleLoad (internal/modules/cjs/loader.js:593:12)
    at Function.Module._load (internal/modules/cjs/loader.js:585:3)
    at Module.require (internal/modules/cjs/loader.js:692:17)
Error: ENOENT: no such file or directory, open './secrets/variables.env'
    at Object.openSync (fs.js:443:3)
    at Object.readFileSync (fs.js:343:35)
    at updateEnv (/mnt/c/Users/Matheus/node/dotenv.js:12:37)
    at Object.<anonymous> (/mnt/c/Users/Matheus/node/dotenv.js:19:1)
    at Module._compile (internal/modules/cjs/loader.js:778:30)
    at Object.Module._extensions..js (internal/modules/cjs/loader.js:789:10)
    at Module.load (internal/modules/cjs/loader.js:653:32)
    at tryModuleLoad (internal/modules/cjs/loader.js:593:12)
    at Function.Module._load (internal/modules/cjs/loader.js:585:3)
    at Module.require (internal/modules/cjs/loader.js:692:17)
Error: ENOENT: no such file or directory, open './secrets/variables.env'
    at Object.openSync (fs.js:443:3)
    at Object.readFileSync (fs.js:343:35)
    at updateEnv (/mnt/c/Users/Matheus/node/dotenv.js:12:37)
    at Object.<anonymous> (/mnt/c/Users/Matheus/node/dotenv.js:19:1)
    at Module._compile (internal/modules/cjs/loader.js:778:30)
    at Object.Module._extensions..js (internal/modules/cjs/loader.js:789:10)
    at Module.load (internal/modules/cjs/loader.js:653:32)
    at tryModuleLoad (internal/modules/cjs/loader.js:593:12)
    at Function.Module._load (internal/modules/cjs/loader.js:585:3)
    at Module.require (internal/modules/cjs/loader.js:692:17)
Error: ENOENT: no such file or directory, open './secrets/variables.env'
    at Object.openSync (fs.js:443:3)
    at Object.readFileSync (fs.js:343:35)
    at updateEnv (/mnt/c/Users/Matheus/node/dotenv.js:12:37)
    at Object.<anonymous> (/mnt/c/Users/Matheus/node/dotenv.js:19:1)
    at Module._compile (internal/modules/cjs/loader.js:778:30)
    at Object.Module._extensions..js (internal/modules/cjs/loader.js:789:10)
    at Module.load (internal/modules/cjs/loader.js:653:32)
    at tryModuleLoad (internal/modules/cjs/loader.js:593:12)
    at Function.Module._load (internal/modules/cjs/loader.js:585:3)
    at Module.require (internal/modules/cjs/loader.js:692:17)
Error: ENOENT: no such file or directory, open './secrets/variables.env'
    at Object.openSync (fs.js:443:3)
    at Object.readFileSync (fs.js:343:35)
    at updateEnv (/mnt/c/Users/Matheus/node/dotenv.js:12:37)
    at Object.<anonymous> (/mnt/c/Users/Matheus/node/dotenv.js:19:1)
    at Module._compile (internal/modules/cjs/loader.js:778:30)
    at Object.Module._extensions..js (internal/modules/cjs/loader.js:789:10)
    at Module.load (internal/modules/cjs/loader.js:653:32)
    at tryModuleLoad (internal/modules/cjs/loader.js:593:12)
    at Function.Module._load (internal/modules/cjs/loader.js:585:3)
    at Module.require (internal/modules/cjs/loader.js:692:17)
Error: ENOENT: no such file or directory, open './secrets/variables.env'
    at Object.openSync (fs.js:443:3)
    at Object.readFileSync (fs.js:343:35)
    at updateEnv (/mnt/c/Users/Matheus/node/dotenv.js:12:37)
    at Object.<anonymous> (/mnt/c/Users/Matheus/node/dotenv.js:19:1)
    at Module._compile (internal/modules/cjs/loader.js:778:30)
    at Object.Module._extensions..js (internal/modules/cjs/loader.js:789:10)
    at Module.load (internal/modules/cjs/loader.js:653:32)
    at tryModuleLoad (internal/modules/cjs/loader.js:593:12)
    at Function.Module._load (internal/modules/cjs/loader.js:585:3)
    at Module.require (internal/modules/cjs/loader.js:692:17)
Error: ENOENT: no such file or directory, open './secrets/variables.env'
    at Object.openSync (fs.js:443:3)
    at Object.readFileSync (fs.js:343:35)
    at updateEnv (/mnt/c/Users/Matheus/node/dotenv.js:12:37)
    at Object.<anonymous> (/mnt/c/Users/Matheus/node/dotenv.js:19:1)
    at Module._compile (internal/modules/cjs/loader.js:778:30)
    at Object.Module._extensions..js (internal/modules/cjs/loader.js:789:10)
    at Module.load (internal/modules/cjs/loader.js:653:32)
    at tryModuleLoad (internal/modules/cjs/loader.js:593:12)
    at Function.Module._load (internal/modules/cjs/loader.js:585:3)
    at Module.require (internal/modules/cjs/loader.js:692:17)
Error: ENOENT: no such file or directory, open './secrets/variables.env'
    at Object.openSync (fs.js:443:3)
    at Object.readFileSync (fs.js:343:35)
    at updateEnv (/mnt/c/Users/Matheus/node/dotenv.js:12:37)
    at Object.<anonymous> (/mnt/c/Users/Matheus/node/dotenv.js:19:1)
    at Module._compile (internal/modules/cjs/loader.js:778:30)
    at Object.Module._extensions..js (internal/modules/cjs/loader.js:789:10)
    at Module.load (internal/modules/cjs/loader.js:653:32)
    at tryModuleLoad (internal/modules/cjs/loader.js:593:12)
    at Function.Module._load (internal/modules/cjs/loader.js:585:3)
    at Module.require (internal/modules/cjs/loader.js:692:17)
Error: ENOENT: no such file or directory, open './secrets/variables.env'
    at Object.openSync (fs.js:443:3)
    at Object.readFileSync (fs.js:343:35)
    at updateEnv (/mnt/c/Users/Matheus/node/dotenv.js:12:37)
    at Object.<anonymous> (/mnt/c/Users/Matheus/node/dotenv.js:19:1)
    at Module._compile (internal/modules/cjs/loader.js:778:30)
    at Object.Module._extensions..js (internal/modules/cjs/loader.js:789:10)
    at Module.load (internal/modules/cjs/loader.js:653:32)
    at tryModuleLoad (internal/modules/cjs/loader.js:593:12)
    at Function.Module._load (internal/modules/cjs/loader.js:585:3)
    at Module.require (internal/modules/cjs/loader.js:692:17)
Error: ENOENT: no such file or directory, open './secrets/variables.env'
    at Object.openSync (fs.js:443:3)
    at Object.readFileSync (fs.js:343:35)
    at updateEnv (/mnt/c/Users/Matheus/node/dotenv.js:12:37)
    at Object.<anonymous> (/mnt/c/Users/Matheus/node/dotenv.js:19:1)
    at Module._compile (internal/modules/cjs/loader.js:778:30)
    at Object.Module._extensions..js (internal/modules/cjs/loader.js:789:10)
    at Module.load (internal/modules/cjs/loader.js:653:32)
    at tryModuleLoad (internal/modules/cjs/loader.js:593:12)
    at Function.Module._load (internal/modules/cjs/loader.js:585:3)
    at Module.require (internal/modules/cjs/loader.js:692:17)
Error: ENOENT: no such file or directory, open './secrets/variables.env'
    at Object.openSync (fs.js:443:3)
    at Object.readFileSync (fs.js:343:35)
    at updateEnv (/mnt/c/Users/Matheus/node/dotenv.js:12:37)
    at Object.<anonymous> (/mnt/c/Users/Matheus/node/dotenv.js:19:1)
    at Module._compile (internal/modules/cjs/loader.js:778:30)
    at Object.Module._extensions..js (internal/modules/cjs/loader.js:789:10)
    at Module.load (internal/modules/cjs/loader.js:653:32)
    at tryModuleLoad (internal/modules/cjs/loader.js:593:12)
    at Function.Module._load (internal/modules/cjs/loader.js:585:3)
    at Module.require (internal/modules/cjs/loader.js:692:17)
Error: ENOENT: no such file or directory, open './secrets/variables.env'
    at Object.openSync (fs.js:443:3)
    at Object.readFileSync (fs.js:343:35)
    at updateEnv (/mnt/c/Users/Matheus/node/dotenv.js:12:37)
    at Object.<anonymous> (/mnt/c/Users/Matheus/node/dotenv.js:19:1)
    at Module._compile (internal/modules/cjs/loader.js:778:30)
    at Object.Module._extensions..js (internal/modules/cjs/loader.js:789:10)
    at Module.load (internal/modules/cjs/loader.js:653:32)
    at tryModuleLoad (internal/modules/cjs/loader.js:593:12)
    at Function.Module._load (internal/modules/cjs/loader.js:585:3)
    at Module.require (internal/modules/cjs/loader.js:692:17)
Error: ENOENT: no such file or directory, open './secrets/variables.env'
    at Object.openSync (fs.js:443:3)
    at Object.readFileSync (fs.js:343:35)
    at updateEnv (/mnt/c/Users/Matheus/node/dotenv.js:12:37)
    at Object.<anonymous> (/mnt/c/Users/Matheus/node/dotenv.js:19:1)
    at Module._compile (internal/modules/cjs/loader.js:778:30)
    at Object.Module._extensions..js (internal/modules/cjs/loader.js:789:10)
    at Module.load (internal/modules/cjs/loader.js:653:32)
    at tryModuleLoad (internal/modules/cjs/loader.js:593:12)
    at Function.Module._load (internal/modules/cjs/loader.js:585:3)
    at Module.require (internal/modules/cjs/loader.js:692:17)
Error: ENOENT: no such file or directory, open './secrets/variables.env'
    at Object.openSync (fs.js:443:3)
    at Object.readFileSync (fs.js:343:35)
    at updateEnv (/mnt/c/Users/Matheus/node/dotenv.js:12:37)
    at Object.<anonymous> (/mnt/c/Users/Matheus/node/dotenv.js:19:1)
    at Module._compile (internal/modules/cjs/loader.js:778:30)
    at Object.Module._extensions..js (internal/modules/cjs/loader.js:789:10)
    at Module.load (internal/modules/cjs/loader.js:653:32)
    at tryModuleLoad (internal/modules/cjs/loader.js:593:12)
    at Function.Module._load (internal/modules/cjs/loader.js:585:3)
    at Module.require (internal/modules/cjs/loader.js:692:17)
Error: ENOENT: no such file or directory, open './secrets/variables.env'
    at Object.openSync (fs.js:443:3)
    at Object.readFileSync (fs.js:343:35)
    at updateEnv (/mnt/c/Users/Matheus/node/dotenv.js:12:37)
    at Object.<anonymous> (/mnt/c/Users/Matheus/node/dotenv.js:19:1)
    at Module._compile (internal/modules/cjs/loader.js:778:30)
    at Object.Module._extensions..js (internal/modules/cjs/loader.js:789:10)
    at Module.load (internal/modules/cjs/loader.js:653:32)
    at tryModuleLoad (internal/modules/cjs/loader.js:593:12)
    at Function.Module._load (internal/modules/cjs/loader.js:585:3)
    at Module.require (internal/modules/cjs/loader.js:692:17)
Error: ENOENT: no such file or directory, open './secrets/variables.env'
    at Object.openSync (fs.js:443:3)
    at Object.readFileSync (fs.js:343:35)
    at updateEnv (/mnt/c/Users/Matheus/node/dotenv.js:12:37)
    at Object.<anonymous> (/mnt/c/Users/Matheus/node/dotenv.js:19:1)
    at Module._compile (internal/modules/cjs/loader.js:778:30)
    at Object.Module._extensions..js (internal/modules/cjs/loader.js:789:10)
    at Module.load (internal/modules/cjs/loader.js:653:32)
    at tryModuleLoad (internal/modules/cjs/loader.js:593:12)
    at Function.Module._load (internal/modules/cjs/loader.js:585:3)
    at Module.require (internal/modules/cjs/loader.js:692:17)
Error: ENOENT: no such file or directory, open './secrets/variables.env'
    at Object.openSync (fs.js:443:3)
    at Object.readFileSync (fs.js:343:35)
    at updateEnv (/mnt/c/Users/Matheus/node/dotenv.js:12:37)
    at Object.<anonymous> (/mnt/c/Users/Matheus/node/dotenv.js:19:1)
    at Module._compile (internal/modules/cjs/loader.js:778:30)
    at Object.Module._extensions..js (internal/modules/cjs/loader.js:789:10)
    at Module.load (internal/modules/cjs/loader.js:653:32)
    at tryModuleLoad (internal/modules/cjs/loader.js:593:12)
    at Function.Module._load (internal/modules/cjs/loader.js:585:3)
    at Module.require (internal/modules/cjs/loader.js:692:17)
Error: ENOENT: no such file or directory, open './secrets/variables.env'
    at Object.openSync (fs.js:443:3)
    at Object.readFileSync (fs.js:343:35)
    at updateEnv (/mnt/c/Users/Matheus/node/dotenv.js:12:37)
    at Object.<anonymous> (/mnt/c/Users/Matheus/node/dotenv.js:19:1)
    at Module._compile (internal/modules/cjs/loader.js:778:30)
    at Object.Module._extensions..js (internal/modules/cjs/loader.js:789:10)
    at Module.load (internal/modules/cjs/loader.js:653:32)
    at tryModuleLoad (internal/modules/cjs/loader.js:593:12)
    at Function.Module._load (internal/modules/cjs/loader.js:585:3)
    at Module.require (internal/modules/cjs/loader.js:692:17)
Error: ENOENT: no such file or directory, open './secrets/variables.env'
    at Object.openSync (fs.js:443:3)
    at Object.readFileSync (fs.js:343:35)
    at updateEnv (/mnt/c/Users/Matheus/node/dotenv.js:12:37)
    at Object.<anonymous> (/mnt/c/Users/Matheus/node/dotenv.js:19:1)
    at Module._compile (internal/modules/cjs/loader.js:778:30)
    at Object.Module._extensions..js (internal/modules/cjs/loader.js:789:10)
    at Module.load (internal/modules/cjs/loader.js:653:32)
    at tryModuleLoad (internal/modules/cjs/loader.js:593:12)
    at Function.Module._load (internal/modules/cjs/loader.js:585:3)
    at Module.require (internal/modules/cjs/loader.js:692:17)
Error: ENOENT: no such file or directory, open './secrets/variables.env'
    at Object.openSync (fs.js:443:3)
    at Object.readFileSync (fs.js:343:35)
    at updateEnv (/mnt/c/Users/Matheus/node/dotenv.js:12:37)
    at Object.<anonymous> (/mnt/c/Users/Matheus/node/dotenv.js:19:1)
    at Module._compile (internal/modules/cjs/loader.js:778:30)
    at Object.Module._extensions..js (internal/modules/cjs/loader.js:789:10)
    at Module.load (internal/modules/cjs/loader.js:653:32)
    at tryModuleLoad (internal/modules/cjs/loader.js:593:12)
    at Function.Module._load (internal/modules/cjs/loader.js:585:3)
    at Module.require (internal/modules/cjs/loader.js:692:17)
Error: ENOENT: no such file or directory, open './secrets/variables.env'
    at Object.openSync (fs.js:443:3)
    at Object.readFileSync (fs.js:343:35)
    at updateEnv (/mnt/c/Users/Matheus/node/dotenv.js:12:37)
    at Object.<anonymous> (/mnt/c/Users/Matheus/node/dotenv.js:19:1)
    at Module._compile (internal/modules/cjs/loader.js:778:30)
    at Object.Module._extensions..js (internal/modules/cjs/loader.js:789:10)
    at Module.load (internal/modules/cjs/loader.js:653:32)
    at tryModuleLoad (internal/modules/cjs/loader.js:593:12)
    at Function.Module._load (internal/modules/cjs/loader.js:585:3)
    at Module.require (internal/modules/cjs/loader.js:692:17)
Error: ENOENT: no such file or directory, open './secrets/variables.env'
    at Object.openSync (fs.js:443:3)
    at Object.readFileSync (fs.js:343:35)
    at updateEnv (/mnt/c/Users/Matheus/node/dotenv.js:12:37)
    at Object.<anonymous> (/mnt/c/Users/Matheus/node/dotenv.js:19:1)
    at Module._compile (internal/modules/cjs/loader.js:778:30)
    at Object.Module._extensions..js (internal/modules/cjs/loader.js:789:10)
    at Module.load (internal/modules/cjs/loader.js:653:32)
    at tryModuleLoad (internal/modules/cjs/loader.js:593:12)
    at Function.Module._load (internal/modules/cjs/loader.js:585:3)
    at Module.require (internal/modules/cjs/loader.js:692:17)
Error: ENOENT: no such file or directory, open './secrets/variables.env'
    at Object.openSync (fs.js:443:3)
    at Object.readFileSync (fs.js:343:35)
    at updateEnv (/mnt/c/Users/Matheus/node/dotenv.js:12:37)
    at Object.<anonymous> (/mnt/c/Users/Matheus/node/dotenv.js:19:1)
    at Module._compile (internal/modules/cjs/loader.js:778:30)
    at Object.Module._extensions..js (internal/modules/cjs/loader.js:789:10)
    at Module.load (internal/modules/cjs/loader.js:653:32)
    at tryModuleLoad (internal/modules/cjs/loader.js:593:12)
    at Function.Module._load (internal/modules/cjs/loader.js:585:3)
    at Module.require (internal/modules/cjs/loader.js:692:17)
Error: ENOENT: no such file or directory, open './secrets/variables.env'
    at Object.openSync (fs.js:443:3)
    at Object.readFileSync (fs.js:343:35)
    at updateEnv (/mnt/c/Users/Matheus/node/dotenv.js:12:37)
    at Object.<anonymous> (/mnt/c/Users/Matheus/node/dotenv.js:19:1)
    at Module._compile (internal/modules/cjs/loader.js:778:30)
    at Object.Module._extensions..js (internal/modules/cjs/loader.js:789:10)
    at Module.load (internal/modules/cjs/loader.js:653:32)
    at tryModuleLoad (internal/modules/cjs/loader.js:593:12)
    at Function.Module._load (internal/modules/cjs/loader.js:585:3)
    at Module.require (internal/modules/cjs/loader.js:692:17)
Error: ENOENT: no such file or directory, open './secrets/variables.env'
    at Object.openSync (fs.js:443:3)
    at Object.readFileSync (fs.js:343:35)
    at updateEnv (/mnt/c/Users/Matheus/node/dotenv.js:12:37)
    at Object.<anonymous> (/mnt/c/Users/Matheus/node/dotenv.js:19:1)
    at Module._compile (internal/modules/cjs/loader.js:778:30)
    at Object.Module._extensions..js (internal/modules/cjs/loader.js:789:10)
    at Module.load (internal/modules/cjs/loader.js:653:32)
    at tryModuleLoad (internal/modules/cjs/loader.js:593:12)
    at Function.Module._load (internal/modules/cjs/loader.js:585:3)
    at Module.require (internal/modules/cjs/loader.js:692:17)
Error: ENOENT: no such file or directory, open './secrets/variables.env'
    at Object.openSync (fs.js:443:3)
    at Object.readFileSync (fs.js:343:35)
    at updateEnv (/mnt/c/Users/Matheus/node/dotenv.js:12:37)
    at Object.<anonymous> (/mnt/c/Users/Matheus/node/dotenv.js:19:1)
    at Module._compile (internal/modules/cjs/loader.js:778:30)
    at Object.Module._extensions..js (internal/modules/cjs/loader.js:789:10)
    at Module.load (internal/modules/cjs/loader.js:653:32)
    at tryModuleLoad (internal/modules/cjs/loader.js:593:12)
    at Function.Module._load (internal/modules/cjs/loader.js:585:3)
    at Module.require (internal/modules/cjs/loader.js:692:17)
Error: ENOENT: no such file or directory, open './secrets/variables.env'
    at Object.openSync (fs.js:443:3)
    at Object.readFileSync (fs.js:343:35)
    at updateEnv (/mnt/c/Users/Matheus/node/dotenv.js:12:37)
    at Object.<anonymous> (/mnt/c/Users/Matheus/node/dotenv.js:19:1)
    at Module._compile (internal/modules/cjs/loader.js:778:30)
    at Object.Module._extensions..js (internal/modules/cjs/loader.js:789:10)
    at Module.load (internal/modules/cjs/loader.js:653:32)
    at tryModuleLoad (internal/modules/cjs/loader.js:593:12)
    at Function.Module._load (internal/modules/cjs/loader.js:585:3)
    at Module.require (internal/modules/cjs/loader.js:692:17)
Error: ENOENT: no such file or directory, open './secrets/variables.env'
    at Object.openSync (fs.js:443:3)
    at Object.readFileSync (fs.js:343:35)
    at updateEnv (/mnt/c/Users/Matheus/node/dotenv.js:12:37)
    at Object.<anonymous> (/mnt/c/Users/Matheus/node/dotenv.js:19:1)
    at Module._compile (internal/modules/cjs/loader.js:778:30)
    at Object.Module._extensions..js (internal/modules/cjs/loader.js:789:10)
    at Module.load (internal/modules/cjs/loader.js:653:32)
    at tryModuleLoad (internal/modules/cjs/loader.js:593:12)
    at Function.Module._load (internal/modules/cjs/loader.js:585:3)
    at Module.require (internal/modules/cjs/loader.js:692:17)
Error: ENOENT: no such file or directory, open './secrets/variables.env'
    at Object.openSync (fs.js:443:3)
    at Object.readFileSync (fs.js:343:35)
    at updateEnv (/mnt/c/Users/Matheus/node/dotenv.js:12:37)
    at Object.<anonymous> (/mnt/c/Users/Matheus/node/dotenv.js:19:1)
    at Module._compile (internal/modules/cjs/loader.js:778:30)
    at Object.Module._extensions..js (internal/modules/cjs/loader.js:789:10)
    at Module.load (internal/modules/cjs/loader.js:653:32)
    at tryModuleLoad (internal/modules/cjs/loader.js:593:12)
    at Function.Module._load (internal/modules/cjs/loader.js:585:3)
    at Module.require (internal/modules/cjs/loader.js:692:17)
Error: ENOENT: no such file or directory, open './secrets/variables.env'
    at Object.openSync (fs.js:443:3)
    at Object.readFileSync (fs.js:343:35)
    at updateEnv (/mnt/c/Users/Matheus/node/dotenv.js:12:37)
    at Object.<anonymous> (/mnt/c/Users/Matheus/node/dotenv.js:19:1)
    at Module._compile (internal/modules/cjs/loader.js:778:30)
    at Object.Module._extensions..js (internal/modules/cjs/loader.js:789:10)
    at Module.load (internal/modules/cjs/loader.js:653:32)
    at tryModuleLoad (internal/modules/cjs/loader.js:593:12)
    at Function.Module._load (internal/modules/cjs/loader.js:585:3)
    at Module.require (internal/modules/cjs/loader.js:692:17)
Error: ENOENT: no such file or directory, open './secrets/variables.env'
    at Object.openSync (fs.js:443:3)
    at Object.readFileSync (fs.js:343:35)
    at updateEnv (/mnt/c/Users/Matheus/node/dotenv.js:12:37)
    at Object.<anonymous> (/mnt/c/Users/Matheus/node/dotenv.js:19:1)
    at Module._compile (internal/modules/cjs/loader.js:778:30)
    at Object.Module._extensions..js (internal/modules/cjs/loader.js:789:10)
    at Module.load (internal/modules/cjs/loader.js:653:32)
    at tryModuleLoad (internal/modules/cjs/loader.js:593:12)
    at Function.Module._load (internal/modules/cjs/loader.js:585:3)
    at Module.require (internal/modules/cjs/loader.js:692:17)
2020-06-03 05:04 -03:00: Connected to Database
2020-06-03 05:04 -03:00: listening on 7500
2020-06-03 05:04 -03:00: Connected to Database
2020-06-03 05:04 -03:00: listening on 7500
2020-06-03 05:04 -03:00: Connected to Database
2020-06-03 05:04 -03:00: listening on 7500
2020-06-03 05:04 -03:00: Connected to Database
2020-06-03 05:04 -03:00: listening on 7500
2020-06-03 05:04 -03:00: Connected to Database
2020-06-03 05:04 -03:00: listening on 7500
2020-06-03 05:04 -03:00: Connected to Database
2020-06-03 05:04 -03:00: listening on 7500
